<?xml version="1.0" encoding="UTF-8"?>
<testng-results ignored="0" total="1" passed="1" failed="0" skipped="0">
  <reporter-output>
  </reporter-output>
  <suite started-at="2022-06-27T23:03:11 SGT" name="Surefire suite" finished-at="2022-06-27T23:03:11 SGT" duration-ms="97">
    <groups>
    </groups>
    <test started-at="2022-06-27T23:03:11 SGT" name="Surefire test" finished-at="2022-06-27T23:03:11 SGT" duration-ms="97">
      <class name="vttp2022.workshop1.AppTest">
        <test-method signature="shouldAnswerWithTrue()" started-at="2022-06-27T23:03:11 SGT" name="shouldAnswerWithTrue" finished-at="2022-06-27T23:03:11 SGT" duration-ms="13" status="PASS">
          <reporter-output>
          </reporter-output>
        </test-method> <!-- shouldAnswerWithTrue -->
      </class> <!-- vttp2022.workshop1.AppTest -->
    </test> <!-- Surefire test -->
  </suite> <!-- Surefire suite -->
</testng-results>
